<?xml version="1.0" encoding="UTF-8"?>
<!-- Generated by org.testng.reporters.JUnitXMLReporter -->
<testsuite hostname="DESKTOP-TREMUB9" ignored="2" name="Default test" tests="3" failures="0" timestamp="30 Aug 2018 16:30:28 GMT" time="0.075" errors="0">
  <testcase name="apyramid" time="0.013" classname="programs.Stars_Patterns"/>
  <testcase name="bhallow" time="0.005" classname="programs.Stars_Patterns"/>
  <testcase name="cpyramid_1" time="0.006" classname="programs.Stars_Patterns"/>
  <testcase name="f2" time="0.0" classname="programs.Stars_Patterns">
    <ignored/>
  </testcase> <!-- f2 -->
  <testcase name="f1" time="0.0" classname="programs.Stars_Patterns">
    <ignored/>
  </testcase> <!-- f1 -->
</testsuite> <!-- Default test -->
