<?xml version="1.0" encoding="UTF-8"?>
<testng-results skipped="0" failed="0" ignored="2" total="5" passed="3">
  <reporter-output>
  </reporter-output>
  <suite name="Default suite" duration-ms="75" started-at="2018-08-30T16:30:28Z" finished-at="2018-08-30T16:30:28Z">
    <groups>
    </groups>
    <test name="Default test" duration-ms="75" started-at="2018-08-30T16:30:28Z" finished-at="2018-08-30T16:30:28Z">
      <class name="programs.Stars_Patterns">
        <test-method status="PASS" signature="apyramid()[pri:0, instance:programs.Stars_Patterns@1810399e]" name="apyramid" duration-ms="13" started-at="2018-08-30T16:30:28Z" finished-at="2018-08-30T16:30:28Z">
          <reporter-output>
          </reporter-output>
        </test-method> <!-- apyramid -->
        <test-method status="PASS" signature="bhallow()[pri:0, instance:programs.Stars_Patterns@1810399e]" name="bhallow" duration-ms="5" started-at="2018-08-30T16:30:28Z" finished-at="2018-08-30T16:30:28Z">
          <reporter-output>
          </reporter-output>
        </test-method> <!-- bhallow -->
        <test-method status="PASS" signature="cpyramid_1()[pri:0, instance:programs.Stars_Patterns@1810399e]" name="cpyramid_1" duration-ms="6" started-at="2018-08-30T16:30:28Z" finished-at="2018-08-30T16:30:28Z">
          <reporter-output>
          </reporter-output>
        </test-method> <!-- cpyramid_1 -->
      </class> <!-- programs.Stars_Patterns -->
    </test> <!-- Default test -->
  </suite> <!-- Default suite -->
</testng-results>
